e:\httpclient_class\httpclient-master\httpclient\release\vc140.pdb
e:\httpclient_class\httpclient-master\httpclient\release\util.obj
e:\httpclient_class\httpclient-master\httpclient\release\url_parser.obj
e:\httpclient_class\httpclient-master\httpclient\release\thread.obj
e:\httpclient_class\httpclient-master\httpclient\release\streaming_socket.obj
e:\httpclient_class\httpclient-master\httpclient\release\socket_helper.obj
e:\httpclient_class\httpclient-master\httpclient\release\proxy_socket .obj
e:\httpclient_class\httpclient-master\httpclient\release\http_thread.obj
e:\httpclient_class\httpclient-master\httpclient\release\http_response_receiver.obj
e:\httpclient_class\httpclient-master\httpclient\release\http_response.obj
e:\httpclient_class\httpclient-master\httpclient\release\http_request.obj
e:\httpclient_class\httpclient-master\httpclient\release\http_post_file.obj
e:\httpclient_class\httpclient-master\httpclient\release\http_pool.obj
e:\httpclient_class\httpclient-master\httpclient\release\http_header_parser.obj
e:\httpclient_class\httpclient-master\httpclient\release\http_client.obj
e:\httpclient_class\httpclient-master\httpclient\release\file_writer.obj
e:\httpclient_class\httpclient-master\httpclient\release\file_reader.obj
e:\httpclient_class\httpclient-master\httpclient\release\dll_init.obj
e:\httpclient_class\httpclient-master\httpclient\release\base64.obj
e:\httpclient_class\httpclient-master\\bin\httpclient.dll
e:\httpclient_class\httpclient-master\httpclient\release\httpclient.tlog\cl.command.1.tlog
e:\httpclient_class\httpclient-master\httpclient\release\httpclient.tlog\cl.read.1.tlog
e:\httpclient_class\httpclient-master\httpclient\release\httpclient.tlog\cl.write.1.tlog
e:\httpclient_class\httpclient-master\httpclient\release\httpclient.tlog\link.command.1.tlog
e:\httpclient_class\httpclient-master\httpclient\release\httpclient.tlog\link.read.1.tlog
