e:\httpclient_class\httpclient-master\httpclient\debug\vc140.pdb
e:\httpclient_class\httpclient-master\httpclient\debug\vc140.idb
e:\httpclient_class\httpclient-master\httpclient\debug\base64.obj
e:\httpclient_class\httpclient-master\httpclient\debug\dll_init.obj
e:\httpclient_class\httpclient-master\httpclient\debug\file_reader.obj
e:\httpclient_class\httpclient-master\httpclient\debug\file_writer.obj
e:\httpclient_class\httpclient-master\httpclient\debug\http_client.obj
e:\httpclient_class\httpclient-master\httpclient\debug\http_header_parser.obj
e:\httpclient_class\httpclient-master\httpclient\debug\http_pool.obj
e:\httpclient_class\httpclient-master\httpclient\debug\http_post_file.obj
e:\httpclient_class\httpclient-master\httpclient\debug\http_request.obj
e:\httpclient_class\httpclient-master\httpclient\debug\http_response.obj
e:\httpclient_class\httpclient-master\httpclient\debug\http_response_receiver.obj
e:\httpclient_class\httpclient-master\httpclient\debug\http_thread.obj
e:\httpclient_class\httpclient-master\httpclient\debug\proxy_socket .obj
e:\httpclient_class\httpclient-master\httpclient\debug\socket_helper.obj
e:\httpclient_class\httpclient-master\httpclient\debug\streaming_socket.obj
e:\httpclient_class\httpclient-master\httpclient\debug\thread.obj
e:\httpclient_class\httpclient-master\httpclient\debug\url_parser.obj
e:\httpclient_class\httpclient-master\httpclient\debug\util.obj
e:\httpclient_class\httpclient-master\bin\httpclient.lib
e:\httpclient_class\httpclient-master\bin\httpclient.exp
e:\httpclient_class\httpclient-master\bin\httpclient_d.ilk
e:\httpclient_class\httpclient-master\bin\httpclient_d.dll
e:\httpclient_class\httpclient-master\bin\httpclient.pdb
e:\httpclient_class\httpclient-master\\bin\httpclient.pdb
e:\httpclient_class\httpclient-master\\bin\httpclient.dll
e:\httpclient_class\httpclient-master\httpclient\debug\httpclient.tlog\cl.command.1.tlog
e:\httpclient_class\httpclient-master\httpclient\debug\httpclient.tlog\cl.read.1.tlog
e:\httpclient_class\httpclient-master\httpclient\debug\httpclient.tlog\cl.write.1.tlog
e:\httpclient_class\httpclient-master\httpclient\debug\httpclient.tlog\httpclient.write.1u.tlog
e:\httpclient_class\httpclient-master\httpclient\debug\httpclient.tlog\link.command.1.tlog
e:\httpclient_class\httpclient-master\httpclient\debug\httpclient.tlog\link.read.1.tlog
e:\httpclient_class\httpclient-master\httpclient\debug\httpclient.tlog\link.write.1.tlog
